<?xml version="1.0" encoding="UTF-8"?>
<!-- Generated by org.testng.reporters.JUnitReportReporter -->
<testsuite hostname="PT111LT" failures="0" tests="4" name="org.qa.DemoTestSecond" time="0.012" errors="0" timestamp="2025-01-19T23:00:02 IST" skipped="0">
  <testcase classname="org.qa.DemoTestSecond" name="testCase1" time="0.004"/>
  <testcase classname="org.qa.DemoTestSecond" name="testCase2" time="0.004"/>
  <testcase classname="org.qa.DemoTestSecond" name="testCase1" time="0.001"/>
  <testcase classname="org.qa.DemoTestSecond" name="testCase2" time="0.003"/>
</testsuite> <!-- org.qa.DemoTestSecond -->
