<?xml version="1.0" encoding="UTF-8"?>
<!-- Generated by org.testng.reporters.JUnitReportReporter -->
<testsuite hostname="PT111LT" failures="0" tests="4" name="org.qa.DemoTestSecond" time="0.017" errors="0" timestamp="2025-02-03T10:08:50 IST" skipped="0">
  <testcase classname="org.qa.DemoTestSecond" name="testCase1" time="0.000"/>
  <testcase classname="org.qa.DemoTestSecond" name="testCase2" time="0.000"/>
  <testcase classname="org.qa.DemoTestSecond" name="testCase1" time="0.000"/>
  <testcase classname="org.qa.DemoTestSecond" name="testCase2" time="0.017"/>
</testsuite> <!-- org.qa.DemoTestSecond -->
