<?xml version="1.0" encoding="UTF-8"?>
<!-- Generated by org.testng.reporters.JUnitReportReporter -->
<testsuite hostname="PT111LT" failures="0" tests="4" name="org.qa.DemoTestSecond" time="0.003" errors="0" timestamp="2025-01-24T18:33:35 IST" skipped="0">
  <testcase classname="org.qa.DemoTestSecond" name="testCase1" time="0.000"/>
  <testcase classname="org.qa.DemoTestSecond" name="testCase2" time="0.000"/>
  <testcase classname="org.qa.DemoTestSecond" name="testCase2" time="0.003"/>
  <testcase classname="org.qa.DemoTestSecond" name="testCase1" time="0.000"/>
</testsuite> <!-- org.qa.DemoTestSecond -->
